[0.009s] Invoking command in '/home/ypq/final_ws/build/solvepnp': CMAKE_PREFIX_PATH=/opt/ros/humble /usr/bin/cmake --build /home/ypq/final_ws/build/solvepnp -- -j24 -l24
[0.054s] [35m[1mConsolidate compiler generated dependencies of target camera_info_subscriber[0m
[0.077s] [ 50%] [32mBuilding CXX object CMakeFiles/camera_info_subscriber.dir/src/handle_sub_node.cpp.o[0m
[1.972s] [01m[K/home/ypq/final_ws/src/solvepnp/src/handle_sub_node.cpp:[m[K In constructor â€˜[01m[KCameraInfoSubscriber::CameraInfoSubscriber()[m[Kâ€™:
[1.972s] [01m[K/home/ypq/final_ws/src/solvepnp/src/handle_sub_node.cpp:70:9:[m[K [01;31m[Kerror: [m[Kâ€˜[01m[Kcsv_points_[m[Kâ€™ was not declared in this scope
[1.972s]    70 |         [01;31m[Kcsv_points_[m[K = readCSV("/home/ypq/æ–‡æ¡£/ç®—æ³•ç»„â€”â€”æœ€ç»ˆè€ƒæ ¸/data.csv");
[1.972s]       |         [01;31m[K^~~~~~~~~~~[m[K
[1.994s] [01m[K/home/ypq/final_ws/src/solvepnp/src/handle_sub_node.cpp:[m[K In member function â€˜[01m[Kvoid CameraInfoSubscriber::process_frame()[m[Kâ€™:
[1.994s] [01m[K/home/ypq/final_ws/src/solvepnp/src/handle_sub_node.cpp:179:37:[m[K [01;31m[Kerror: [m[Kâ€˜[01m[Kcsv_points_[m[Kâ€™ was not declared in this scope
[1.994s]   179 |  if (current_frame_index_ >= [01;31m[Kcsv_points_[m[K.size()) return;
[1.994s]       |                              [01;31m[K^~~~~~~~~~~[m[K
[1.994s] 
[1.999s] [01m[K/home/ypq/final_ws/src/solvepnp/src/handle_sub_node.cpp:181:27:[m[K [01;31m[Kerror: [m[Kâ€˜[01m[Kcsv_points_[m[Kâ€™ was not declared in this scope
[1.999s]   181 |         const auto& pts = [01;31m[Kcsv_points_[m[K[current_frame_index_++];
[1.999s]       |                           [01;31m[K^~~~~~~~~~~[m[K
[2.001s] [01m[K/home/ypq/final_ws/src/solvepnp/src/handle_sub_node.cpp:182:85:[m[K [01;31m[Kerror: [m[Kcould not convert â€˜[01m[K{<expression error>, <expression error>, <expression error>, <expression error>}[m[Kâ€™ from â€˜[01m[K<brace-enclosed initializer list>[m[Kâ€™ to â€˜[01m[Kstd::vector<cv::Point_<float> >[m[Kâ€™
[2.001s]   182 |  { pts.pt1, pts.pt2, pts.pt3, pts.pt4 [01;31m[K}[m[K;
[2.001s]       |                                       [01;31m[K^[m[K
[2.001s]       |                                       [01;31m[K|[m[K
[2.001s]       |                                       [01;31m[K<brace-enclosed initializer list>[m[K
[2.001s] 
[3.805s] gmake[2]: *** [CMakeFiles/camera_info_subscriber.dir/build.make:76ï¼šCMakeFiles/camera_info_subscriber.dir/src/handle_sub_node.cpp.o] é”™è¯¯ 1
[3.805s] gmake[1]: *** [CMakeFiles/Makefile2:137ï¼šCMakeFiles/camera_info_subscriber.dir/all] é”™è¯¯ 2
[3.806s] gmake: *** [Makefile:146ï¼šall] é”™è¯¯ 2
[3.808s] Invoked command in '/home/ypq/final_ws/build/solvepnp' returned '2': CMAKE_PREFIX_PATH=/opt/ros/humble /usr/bin/cmake --build /home/ypq/final_ws/build/solvepnp -- -j24 -l24
