[35m[1mConsolidate compiler generated dependencies of target camera_info_subscriber[0m
[ 50%] [32mBuilding CXX object CMakeFiles/camera_info_subscriber.dir/src/handle_sub_node.cpp.o[0m
[01m[K/home/ypq/final_ws/src/solvepnp/src/handle_sub_node.cpp:[m[K In member function â€˜[01m[Kvoid CameraInfoSubscriber::camera_info_callback(sensor_msgs::msg::CameraInfo_<std::allocator<void> >::SharedPtr)[m[Kâ€™:
[01m[K/home/ypq/final_ws/src/solvepnp/src/handle_sub_node.cpp:167:73:[m[K [01;31m[Kerror: [m[Kâ€˜[01m[Kyaw[m[Kâ€™ was not declared in this scope
  167 |                 cv::Mat measurement = (cv::Mat_<float>(4,1) << x, y, z, [01;31m[Kyaw[m[K);
      |                                                                         [01;31m[K^~~[m[K
gmake[2]: *** [CMakeFiles/camera_info_subscriber.dir/build.make:76ï¼šCMakeFiles/camera_info_subscriber.dir/src/handle_sub_node.cpp.o] é”™è¯¯ 1
gmake[1]: *** [CMakeFiles/Makefile2:137ï¼šCMakeFiles/camera_info_subscriber.dir/all] é”™è¯¯ 2
gmake: *** [Makefile:146ï¼šall] é”™è¯¯ 2
