[35m[1mConsolidate compiler generated dependencies of target camera_info_subscriber[0m
[ 50%] [32mBuilding CXX object CMakeFiles/camera_info_subscriber.dir/src/handle_sub_node.cpp.o[0m
[01m[K/home/ypq/final_ws/src/solvepnp/src/handle_sub_node.cpp:[m[K In constructor â€˜[01m[KCameraInfoSubscriber::CameraInfoSubscriber()[m[Kâ€™:
[01m[K/home/ypq/final_ws/src/solvepnp/src/handle_sub_node.cpp:113:9:[m[K [01;31m[Kerror: [m[Kâ€˜[01m[Ktimer_[m[Kâ€™ was not declared in this scope; did you mean â€˜[01m[Ktimer_t[m[Kâ€™?
  113 |         [01;31m[Ktimer_[m[K = this->create_wall_timer(
      |         [01;31m[K^~~~~~[m[K
      |         [32m[Ktimer_t[m[K
gmake[2]: *** [CMakeFiles/camera_info_subscriber.dir/build.make:76ï¼šCMakeFiles/camera_info_subscriber.dir/src/handle_sub_node.cpp.o] é”™è¯¯ 1
gmake[1]: *** [CMakeFiles/Makefile2:137ï¼šCMakeFiles/camera_info_subscriber.dir/all] é”™è¯¯ 2
gmake: *** [Makefile:146ï¼šall] é”™è¯¯ 2
