[0.013s] Invoking command in '/home/ypq/final_ws/build/solvepnp': CMAKE_PREFIX_PATH=${CMAKE_PREFIX_PATH}:/opt/ros/humble /usr/bin/cmake --build /home/ypq/final_ws/build/solvepnp -- -j24 -l24
[0.045s] [35m[1mConsolidate compiler generated dependencies of target camera_info_subscriber[0m
[0.062s] [ 50%] [32mBuilding CXX object CMakeFiles/camera_info_subscriber.dir/src/handle_sub_node.cpp.o[0m
[1.840s] [01m[K/home/ypq/final_ws/src/solvepnp/src/handle_sub_node.cpp:[m[K In constructor â€˜[01m[KCameraInfoSubscriber::CameraInfoSubscriber()[m[Kâ€™:
[1.840s] [01m[K/home/ypq/final_ws/src/solvepnp/src/handle_sub_node.cpp:113:9:[m[K [01;31m[Kerror: [m[Kâ€˜[01m[Ktimer_[m[Kâ€™ was not declared in this scope; did you mean â€˜[01m[Ktimer_t[m[Kâ€™?
[1.840s]   113 |         [01;31m[Ktimer_[m[K = this->create_wall_timer(
[1.840s]       |         [01;31m[K^~~~~~[m[K
[1.840s]       |         [32m[Ktimer_t[m[K
[3.622s] gmake[2]: *** [CMakeFiles/camera_info_subscriber.dir/build.make:76ï¼šCMakeFiles/camera_info_subscriber.dir/src/handle_sub_node.cpp.o] é”™è¯¯ 1
[3.623s] gmake[1]: *** [CMakeFiles/Makefile2:137ï¼šCMakeFiles/camera_info_subscriber.dir/all] é”™è¯¯ 2
[3.623s] gmake: *** [Makefile:146ï¼šall] é”™è¯¯ 2
[3.625s] Invoked command in '/home/ypq/final_ws/build/solvepnp' returned '2': CMAKE_PREFIX_PATH=${CMAKE_PREFIX_PATH}:/opt/ros/humble /usr/bin/cmake --build /home/ypq/final_ws/build/solvepnp -- -j24 -l24
