In file included from [01m[K/opt/ros/humble/include/rclcpp/rclcpp/logging.hpp:24[m[K,
                 from [01m[K/opt/ros/humble/include/rclcpp/rclcpp/client.hpp:40[m[K,
                 from [01m[K/opt/ros/humble/include/rclcpp/rclcpp/callback_group.hpp:24[m[K,
                 from [01m[K/opt/ros/humble/include/rclcpp/rclcpp/any_executable.hpp:20[m[K,
                 from [01m[K/opt/ros/humble/include/rclcpp/rclcpp/memory_strategy.hpp:25[m[K,
                 from [01m[K/opt/ros/humble/include/rclcpp/rclcpp/memory_strategies.hpp:18[m[K,
                 from [01m[K/opt/ros/humble/include/rclcpp/rclcpp/executor_options.hpp:20[m[K,
                 from [01m[K/opt/ros/humble/include/rclcpp/rclcpp/executor.hpp:37[m[K,
                 from [01m[K/opt/ros/humble/include/rclcpp/rclcpp/executors/multi_threaded_executor.hpp:25[m[K,
                 from [01m[K/opt/ros/humble/include/rclcpp/rclcpp/executors.hpp:21[m[K,
                 from [01m[K/opt/ros/humble/include/rclcpp/rclcpp/rclcpp.hpp:155[m[K,
                 from [01m[K/home/ypq/final_ws/src/solvepnp/src/handle_sub_node.cpp:5[m[K:
[01m[K/home/ypq/final_ws/src/solvepnp/src/handle_sub_node.cpp:[m[K In member function â€˜[01m[Kvoid CameraInfoSubscriber::camera_info_callback(sensor_msgs::msg::CameraInfo_<std::allocator<void> >::SharedPtr)[m[Kâ€™:
[01m[K/home/ypq/final_ws/src/solvepnp/src/handle_sub_node.cpp:183:27:[m[K [01;31m[Kerror: [m[Kâ€˜[01m[Kyaw[m[Kâ€™ was not declared in this scope
  183 |                     x,y,z,[01;31m[Kyaw[m[K, est_x,est_y,est_z,est_yaw);
      |                           [01;31m[K^~~[m[K
gmake[2]: *** [CMakeFiles/camera_info_subscriber.dir/build.make:76ï¼šCMakeFiles/camera_info_subscriber.dir/src/handle_sub_node.cpp.o] é”™è¯¯ 1
gmake[1]: *** [CMakeFiles/Makefile2:137ï¼šCMakeFiles/camera_info_subscriber.dir/all] é”™è¯¯ 2
gmake: *** [Makefile:146ï¼šall] é”™è¯¯ 2
