[0.009s] Invoking command in '/home/ypq/final_ws/build/solvepnp': CMAKE_PREFIX_PATH=/opt/ros/humble /usr/bin/cmake --build /home/ypq/final_ws/build/solvepnp -- -j24 -l24
[0.054s] [35m[1mConsolidate compiler generated dependencies of target camera_info_subscriber[0m
[0.071s] [ 50%] [32mBuilding CXX object CMakeFiles/camera_info_subscriber.dir/src/handle_sub_node.cpp.o[0m
[1.939s] [01m[K/home/ypq/final_ws/src/solvepnp/src/handle_sub_node.cpp:[m[K In constructor â€˜[01m[KCameraInfoSubscriber::CameraInfoSubscriber()[m[Kâ€™:
[1.939s] [01m[K/home/ypq/final_ws/src/solvepnp/src/handle_sub_node.cpp:62:9:[m[K [01;31m[Kerror: [m[Kâ€˜[01m[Kkf_[m[Kâ€™ was not declared in this scope
[1.939s]    62 |         [01;31m[Kkf_[m[K = cv::KalmanFilter(8, 4, 0);
[1.939s]       |         [01;31m[K^~~[m[K
[1.940s] [01m[K/home/ypq/final_ws/src/solvepnp/src/handle_sub_node.cpp:77:34:[m[K [01;31m[Kerror: [m[Kexpected primary-expression before â€˜[01m[Kfloat[m[Kâ€™
[1.940s]    77 |         kf_.measurementMatrix.at<[01;31m[Kfloat[m[K>(0,0) = 1.0f; // x
[1.940s]       |                                  [01;31m[K^~~~~[m[K
[1.940s] [01m[K/home/ypq/final_ws/src/solvepnp/src/handle_sub_node.cpp:78:34:[m[K [01;31m[Kerror: [m[Kexpected primary-expression before â€˜[01m[Kfloat[m[Kâ€™
[1.940s]    78 |         kf_.measurementMatrix.at<[01;31m[Kfloat[m[K>(1,1) = 1.0f; // y
[1.940s]       |                                  [01;31m[K^~~~~[m[K
[1.940s] [01m[K/home/ypq/final_ws/src/solvepnp/src/handle_sub_node.cpp:79:34:[m[K [01;31m[Kerror: [m[Kexpected primary-expression before â€˜[01m[Kfloat[m[Kâ€™
[1.940s]    79 |         kf_.measurementMatrix.at<[01;31m[Kfloat[m[K>(2,2) = 1.0f; // z
[1.940s]       |                                  [01;31m[K^~~~~[m[K
[1.940s] [01m[K/home/ypq/final_ws/src/solvepnp/src/handle_sub_node.cpp:80:34:[m[K [01;31m[Kerror: [m[Kexpected primary-expression before â€˜[01m[Kfloat[m[Kâ€™
[1.940s]    80 |         kf_.measurementMatrix.at<[01;31m[Kfloat[m[K>(3,3) = 1.0f; // yaw
[1.940s]       |                                  [01;31m[K^~~~~[m[K
[1.952s] [01m[K/home/ypq/final_ws/src/solvepnp/src/handle_sub_node.cpp:[m[K In member function â€˜[01m[Kvoid CameraInfoSubscriber::camera_info_callback(sensor_msgs::msg::CameraInfo_<std::allocator<void> >::SharedPtr)[m[Kâ€™:
[1.952s] [01m[K/home/ypq/final_ws/src/solvepnp/src/handle_sub_node.cpp:164:38:[m[K [01;31m[Kerror: [m[Kâ€˜[01m[Kkf_[m[Kâ€™ was not declared in this scope
[1.952s]   164 |                 cv::Mat prediction = [01;31m[Kkf_[m[K.predict();  // é¢„æµ‹ä¸€æ­¥
[1.952s]       |                                      [01;31m[K^~~[m[K
[1.955s] [01m[K/home/ypq/final_ws/src/solvepnp/src/handle_sub_node.cpp:166:73:[m[K [01;31m[Kerror: [m[Kâ€˜[01m[Kyaw[m[Kâ€™ was not declared in this scope
[1.955s]   166 |                 cv::Mat measurement = (cv::Mat_<float>(4,1) << x, y, z, [01;31m[Kyaw[m[K);
[1.955s]       |                                                                         [01;31m[K^~~[m[K
[3.591s] gmake[2]: *** [CMakeFiles/camera_info_subscriber.dir/build.make:76ï¼šCMakeFiles/camera_info_subscriber.dir/src/handle_sub_node.cpp.o] é”™è¯¯ 1
[3.592s] gmake[1]: *** [CMakeFiles/Makefile2:137ï¼šCMakeFiles/camera_info_subscriber.dir/all] é”™è¯¯ 2
[3.592s] gmake: *** [Makefile:146ï¼šall] é”™è¯¯ 2
[3.595s] Invoked command in '/home/ypq/final_ws/build/solvepnp' returned '2': CMAKE_PREFIX_PATH=/opt/ros/humble /usr/bin/cmake --build /home/ypq/final_ws/build/solvepnp -- -j24 -l24
